0 info it worked if it ends with ok
1 verbose cli [ '/usr/bin/node',
1 verbose cli   '/usr/bin/npm',
1 verbose cli   'install',
1 verbose cli   'express-generator',
1 verbose cli   '-g' ]
2 info using npm@3.10.10
3 info using node@v6.11.5
4 silly loadCurrentTree Starting
5 silly install loadCurrentTree
6 silly install readGlobalPackageData
7 silly fetchPackageMetaData express-generator
8 silly fetchNamedPackageData express-generator
9 silly mapToRegistry name express-generator
10 silly mapToRegistry using default registry
11 silly mapToRegistry registry https://registry.npmjs.org/
12 silly mapToRegistry data Result {
12 silly mapToRegistry   raw: 'express-generator',
12 silly mapToRegistry   scope: null,
12 silly mapToRegistry   escapedName: 'express-generator',
12 silly mapToRegistry   name: 'express-generator',
12 silly mapToRegistry   rawSpec: '',
12 silly mapToRegistry   spec: 'latest',
12 silly mapToRegistry   type: 'tag' }
13 silly mapToRegistry uri https://registry.npmjs.org/express-generator
14 verbose request uri https://registry.npmjs.org/express-generator
15 verbose request no auth needed
16 info attempt registry request try #1 at 8:33:07 PM
17 verbose request id bb22226563ecf7a9
18 http request GET https://registry.npmjs.org/express-generator
19 http 200 https://registry.npmjs.org/express-generator
20 verbose headers { server: 'nginx/1.10.3',
20 verbose headers   'content-type': 'application/json',
20 verbose headers   'last-modified': 'Thu, 16 Nov 2017 10:49:16 GMT',
20 verbose headers   etag: 'W/"5a0d6d2c-a929"',
20 verbose headers   'content-encoding': 'gzip',
20 verbose headers   'cache-control': 'max-age=300',
20 verbose headers   'content-length': '5248',
20 verbose headers   'accept-ranges': 'bytes',
20 verbose headers   date: 'Sun, 19 Nov 2017 02:33:08 GMT',
20 verbose headers   via: '1.1 varnish',
20 verbose headers   age: '0',
20 verbose headers   connection: 'keep-alive',
20 verbose headers   'x-served-by': 'cache-lax8628-LAX',
20 verbose headers   'x-cache': 'HIT',
20 verbose headers   'x-cache-hits': '1',
20 verbose headers   'x-timer': 'S1511058788.070491,VS0,VE157',
20 verbose headers   vary: 'Accept-Encoding, Accept' }
21 silly get cb [ 200,
21 silly get   { server: 'nginx/1.10.3',
21 silly get     'content-type': 'application/json',
21 silly get     'last-modified': 'Thu, 16 Nov 2017 10:49:16 GMT',
21 silly get     etag: 'W/"5a0d6d2c-a929"',
21 silly get     'content-encoding': 'gzip',
21 silly get     'cache-control': 'max-age=300',
21 silly get     'content-length': '5248',
21 silly get     'accept-ranges': 'bytes',
21 silly get     date: 'Sun, 19 Nov 2017 02:33:08 GMT',
21 silly get     via: '1.1 varnish',
21 silly get     age: '0',
21 silly get     connection: 'keep-alive',
21 silly get     'x-served-by': 'cache-lax8628-LAX',
21 silly get     'x-cache': 'HIT',
21 silly get     'x-cache-hits': '1',
21 silly get     'x-timer': 'S1511058788.070491,VS0,VE157',
21 silly get     vary: 'Accept-Encoding, Accept' } ]
22 verbose get saving express-generator to /home/postgres/.npm/registry.npmjs.org/express-generator/.cache.json
23 verbose correctMkdir /home/postgres/.npm correctMkdir not in flight; initializing
24 verbose makeDirectory /home/postgres/.npm creation not in flight; initializing
25 silly makeDirectory /home/postgres/.npm uid: 1001 gid: 1001
26 silly install normalizeTree
27 silly loadCurrentTree Finishing
28 silly loadIdealTree Starting
29 silly install loadIdealTree
30 silly cloneCurrentTree Starting
31 silly install cloneCurrentTreeToIdealTree
32 silly cloneCurrentTree Finishing
33 silly loadShrinkwrap Starting
34 silly install loadShrinkwrap
35 silly loadShrinkwrap Finishing
36 silly loadAllDepsIntoIdealTree Starting
37 silly install loadAllDepsIntoIdealTree
38 silly resolveWithNewModule express-generator@4.15.5 checking installable status
39 silly cache add args [ 'express-generator', null ]
40 verbose cache add spec express-generator
41 silly cache add parsed spec Result {
41 silly cache add   raw: 'express-generator',
41 silly cache add   scope: null,
41 silly cache add   escapedName: 'express-generator',
41 silly cache add   name: 'express-generator',
41 silly cache add   rawSpec: '',
41 silly cache add   spec: 'latest',
41 silly cache add   type: 'tag' }
42 silly addNamed express-generator@latest
43 verbose addNamed "latest" is being treated as a dist-tag for express-generator
44 info addNameTag [ 'express-generator', 'latest' ]
45 silly mapToRegistry name express-generator
46 silly mapToRegistry using default registry
47 silly mapToRegistry registry https://registry.npmjs.org/
48 silly mapToRegistry data Result {
48 silly mapToRegistry   raw: 'express-generator',
48 silly mapToRegistry   scope: null,
48 silly mapToRegistry   escapedName: 'express-generator',
48 silly mapToRegistry   name: 'express-generator',
48 silly mapToRegistry   rawSpec: '',
48 silly mapToRegistry   spec: 'latest',
48 silly mapToRegistry   type: 'tag' }
49 silly mapToRegistry uri https://registry.npmjs.org/express-generator
50 verbose addNameTag registry:https://registry.npmjs.org/express-generator not in flight; fetching
51 verbose get https://registry.npmjs.org/express-generator not expired, no request
52 silly addNameTag next cb for express-generator with tag latest
53 silly addNamed express-generator@4.15.5
54 verbose addNamed "4.15.5" is a plain semver version for express-generator
55 silly mapToRegistry name express-generator
56 silly mapToRegistry using default registry
57 silly mapToRegistry registry https://registry.npmjs.org/
58 silly mapToRegistry data Result {
58 silly mapToRegistry   raw: 'express-generator',
58 silly mapToRegistry   scope: null,
58 silly mapToRegistry   escapedName: 'express-generator',
58 silly mapToRegistry   name: 'express-generator',
58 silly mapToRegistry   rawSpec: '',
58 silly mapToRegistry   spec: 'latest',
58 silly mapToRegistry   type: 'tag' }
59 silly mapToRegistry uri https://registry.npmjs.org/express-generator
60 verbose addRemoteTarball https://registry.npmjs.org/express-generator/-/express-generator-4.15.5.tgz not in flight; adding
61 verbose addRemoteTarball [ 'https://registry.npmjs.org/express-generator/-/express-generator-4.15.5.tgz',
61 verbose addRemoteTarball   '4e86ffe6cedb31126a2bf1dac01bd1795da6f978' ]
62 info retry fetch attempt 1 at 8:33:08 PM
63 info attempt registry request try #1 at 8:33:08 PM
64 http fetch GET https://registry.npmjs.org/express-generator/-/express-generator-4.15.5.tgz
65 http fetch 200 https://registry.npmjs.org/express-generator/-/express-generator-4.15.5.tgz
66 silly fetchAndShaCheck shasum 4e86ffe6cedb31126a2bf1dac01bd1795da6f978
67 verbose addTmpTarball /tmp/npm-26154-83392001/registry.npmjs.org/express-generator/-/express-generator-4.15.5.tgz not in flight; adding
68 verbose addTmpTarball already have metadata; skipping unpack for express-generator@4.15.5
69 verbose correctMkdir /home/postgres/.npm correctMkdir not in flight; initializing
70 silly cache afterAdd express-generator@4.15.5
71 verbose afterAdd /home/postgres/.npm/express-generator/4.15.5/package/package.json not in flight; writing
72 verbose correctMkdir /home/postgres/.npm correctMkdir not in flight; initializing
73 verbose afterAdd /home/postgres/.npm/express-generator/4.15.5/package/package.json written
74 silly fetchNamedPackageData commander
75 silly mapToRegistry name commander
76 silly mapToRegistry using default registry
77 silly mapToRegistry registry https://registry.npmjs.org/
78 silly mapToRegistry data Result {
78 silly mapToRegistry   raw: 'commander',
78 silly mapToRegistry   scope: null,
78 silly mapToRegistry   escapedName: 'commander',
78 silly mapToRegistry   name: 'commander',
78 silly mapToRegistry   rawSpec: '',
78 silly mapToRegistry   spec: 'latest',
78 silly mapToRegistry   type: 'tag' }
79 silly mapToRegistry uri https://registry.npmjs.org/commander
80 silly fetchNamedPackageData ejs
81 silly mapToRegistry name ejs
82 silly mapToRegistry using default registry
83 silly mapToRegistry registry https://registry.npmjs.org/
84 silly mapToRegistry data Result {
84 silly mapToRegistry   raw: 'ejs',
84 silly mapToRegistry   scope: null,
84 silly mapToRegistry   escapedName: 'ejs',
84 silly mapToRegistry   name: 'ejs',
84 silly mapToRegistry   rawSpec: '',
84 silly mapToRegistry   spec: 'latest',
84 silly mapToRegistry   type: 'tag' }
85 silly mapToRegistry uri https://registry.npmjs.org/ejs
86 silly fetchNamedPackageData mkdirp
87 silly mapToRegistry name mkdirp
88 silly mapToRegistry using default registry
89 silly mapToRegistry registry https://registry.npmjs.org/
90 silly mapToRegistry data Result {
90 silly mapToRegistry   raw: 'mkdirp',
90 silly mapToRegistry   scope: null,
90 silly mapToRegistry   escapedName: 'mkdirp',
90 silly mapToRegistry   name: 'mkdirp',
90 silly mapToRegistry   rawSpec: '',
90 silly mapToRegistry   spec: 'latest',
90 silly mapToRegistry   type: 'tag' }
91 silly mapToRegistry uri https://registry.npmjs.org/mkdirp
92 silly fetchNamedPackageData sorted-object
93 silly mapToRegistry name sorted-object
94 silly mapToRegistry using default registry
95 silly mapToRegistry registry https://registry.npmjs.org/
96 silly mapToRegistry data Result {
96 silly mapToRegistry   raw: 'sorted-object',
96 silly mapToRegistry   scope: null,
96 silly mapToRegistry   escapedName: 'sorted-object',
96 silly mapToRegistry   name: 'sorted-object',
96 silly mapToRegistry   rawSpec: '',
96 silly mapToRegistry   spec: 'latest',
96 silly mapToRegistry   type: 'tag' }
97 silly mapToRegistry uri https://registry.npmjs.org/sorted-object
98 verbose request uri https://registry.npmjs.org/commander
99 verbose request no auth needed
100 info attempt registry request try #1 at 8:33:08 PM
101 http request GET https://registry.npmjs.org/commander
102 verbose request uri https://registry.npmjs.org/ejs
103 verbose request no auth needed
104 info attempt registry request try #1 at 8:33:08 PM
105 http request GET https://registry.npmjs.org/ejs
106 verbose request uri https://registry.npmjs.org/mkdirp
107 verbose request no auth needed
108 info attempt registry request try #1 at 8:33:08 PM
109 http request GET https://registry.npmjs.org/mkdirp
110 verbose request uri https://registry.npmjs.org/sorted-object
111 verbose request no auth needed
112 info attempt registry request try #1 at 8:33:08 PM
113 http request GET https://registry.npmjs.org/sorted-object
114 http 200 https://registry.npmjs.org/commander
115 verbose headers { server: 'nginx/1.10.3',
115 verbose headers   'content-type': 'application/json',
115 verbose headers   'last-modified': 'Sat, 18 Nov 2017 18:56:56 GMT',
115 verbose headers   etag: 'W/"5a108278-11a18"',
115 verbose headers   'content-encoding': 'gzip',
115 verbose headers   'cache-control': 'max-age=300',
115 verbose headers   'content-length': '14741',
115 verbose headers   'accept-ranges': 'bytes',
115 verbose headers   date: 'Sun, 19 Nov 2017 02:33:08 GMT',
115 verbose headers   via: '1.1 varnish',
115 verbose headers   age: '143',
115 verbose headers   connection: 'keep-alive',
115 verbose headers   'x-served-by': 'cache-lax8628-LAX',
115 verbose headers   'x-cache': 'HIT',
115 verbose headers   'x-cache-hits': '3',
115 verbose headers   'x-timer': 'S1511058789.610642,VS0,VE0',
115 verbose headers   vary: 'Accept-Encoding, Accept' }
116 silly get cb [ 200,
116 silly get   { server: 'nginx/1.10.3',
116 silly get     'content-type': 'application/json',
116 silly get     'last-modified': 'Sat, 18 Nov 2017 18:56:56 GMT',
116 silly get     etag: 'W/"5a108278-11a18"',
116 silly get     'content-encoding': 'gzip',
116 silly get     'cache-control': 'max-age=300',
116 silly get     'content-length': '14741',
116 silly get     'accept-ranges': 'bytes',
116 silly get     date: 'Sun, 19 Nov 2017 02:33:08 GMT',
116 silly get     via: '1.1 varnish',
116 silly get     age: '143',
116 silly get     connection: 'keep-alive',
116 silly get     'x-served-by': 'cache-lax8628-LAX',
116 silly get     'x-cache': 'HIT',
116 silly get     'x-cache-hits': '3',
116 silly get     'x-timer': 'S1511058789.610642,VS0,VE0',
116 silly get     vary: 'Accept-Encoding, Accept' } ]
117 verbose get saving commander to /home/postgres/.npm/registry.npmjs.org/commander/.cache.json
118 verbose correctMkdir /home/postgres/.npm correctMkdir not in flight; initializing
119 silly resolveWithNewModule commander@2.11.0 checking installable status
120 silly cache add args [ 'commander@2.11.0', null ]
121 verbose cache add spec commander@2.11.0
122 silly cache add parsed spec Result {
122 silly cache add   raw: 'commander@2.11.0',
122 silly cache add   scope: null,
122 silly cache add   escapedName: 'commander',
122 silly cache add   name: 'commander',
122 silly cache add   rawSpec: '2.11.0',
122 silly cache add   spec: '2.11.0',
122 silly cache add   type: 'version' }
123 silly addNamed commander@2.11.0
124 verbose addNamed "2.11.0" is a plain semver version for commander
125 silly mapToRegistry name commander
126 silly mapToRegistry using default registry
127 silly mapToRegistry registry https://registry.npmjs.org/
128 silly mapToRegistry data Result {
128 silly mapToRegistry   raw: 'commander',
128 silly mapToRegistry   scope: null,
128 silly mapToRegistry   escapedName: 'commander',
128 silly mapToRegistry   name: 'commander',
128 silly mapToRegistry   rawSpec: '',
128 silly mapToRegistry   spec: 'latest',
128 silly mapToRegistry   type: 'tag' }
129 silly mapToRegistry uri https://registry.npmjs.org/commander
130 verbose addNameVersion registry:https://registry.npmjs.org/commander not in flight; fetching
131 verbose get https://registry.npmjs.org/commander not expired, no request
132 silly mapToRegistry name commander
133 silly mapToRegistry using default registry
134 silly mapToRegistry registry https://registry.npmjs.org/
135 silly mapToRegistry data Result {
135 silly mapToRegistry   raw: 'commander',
135 silly mapToRegistry   scope: null,
135 silly mapToRegistry   escapedName: 'commander',
135 silly mapToRegistry   name: 'commander',
135 silly mapToRegistry   rawSpec: '',
135 silly mapToRegistry   spec: 'latest',
135 silly mapToRegistry   type: 'tag' }
136 silly mapToRegistry uri https://registry.npmjs.org/commander
137 verbose addRemoteTarball https://registry.npmjs.org/commander/-/commander-2.11.0.tgz not in flight; adding
138 verbose addRemoteTarball [ 'https://registry.npmjs.org/commander/-/commander-2.11.0.tgz',
138 verbose addRemoteTarball   '157152fd1e7a6c8d98a5b715cf376df928004563' ]
139 info retry fetch attempt 1 at 8:33:08 PM
140 info attempt registry request try #1 at 8:33:08 PM
141 http fetch GET https://registry.npmjs.org/commander/-/commander-2.11.0.tgz
142 http 200 https://registry.npmjs.org/mkdirp
143 verbose headers { server: 'nginx/1.10.1',
143 verbose headers   'content-type': 'application/json',
143 verbose headers   'last-modified': 'Wed, 15 Nov 2017 23:23:07 GMT',
143 verbose headers   etag: 'W/"5a0ccc5b-68c3"',
143 verbose headers   'content-encoding': 'gzip',
143 verbose headers   'cache-control': 'max-age=300',
143 verbose headers   'content-length': '5480',
143 verbose headers   'accept-ranges': 'bytes',
143 verbose headers   date: 'Sun, 19 Nov 2017 02:33:08 GMT',
143 verbose headers   via: '1.1 varnish',
143 verbose headers   age: '256',
143 verbose headers   connection: 'keep-alive',
143 verbose headers   'x-served-by': 'cache-lax8638-LAX',
143 verbose headers   'x-cache': 'HIT',
143 verbose headers   'x-cache-hits': '2',
143 verbose headers   'x-timer': 'S1511058789.761819,VS0,VE0',
143 verbose headers   vary: 'Accept-Encoding, Accept' }
144 silly get cb [ 200,
144 silly get   { server: 'nginx/1.10.1',
144 silly get     'content-type': 'application/json',
144 silly get     'last-modified': 'Wed, 15 Nov 2017 23:23:07 GMT',
144 silly get     etag: 'W/"5a0ccc5b-68c3"',
144 silly get     'content-encoding': 'gzip',
144 silly get     'cache-control': 'max-age=300',
144 silly get     'content-length': '5480',
144 silly get     'accept-ranges': 'bytes',
144 silly get     date: 'Sun, 19 Nov 2017 02:33:08 GMT',
144 silly get     via: '1.1 varnish',
144 silly get     age: '256',
144 silly get     connection: 'keep-alive',
144 silly get     'x-served-by': 'cache-lax8638-LAX',
144 silly get     'x-cache': 'HIT',
144 silly get     'x-cache-hits': '2',
144 silly get     'x-timer': 'S1511058789.761819,VS0,VE0',
144 silly get     vary: 'Accept-Encoding, Accept' } ]
145 verbose get saving mkdirp to /home/postgres/.npm/registry.npmjs.org/mkdirp/.cache.json
146 verbose correctMkdir /home/postgres/.npm correctMkdir not in flight; initializing
147 silly resolveWithNewModule mkdirp@0.5.1 checking installable status
148 silly cache add args [ 'mkdirp@0.5.1', null ]
149 verbose cache add spec mkdirp@0.5.1
150 silly cache add parsed spec Result {
150 silly cache add   raw: 'mkdirp@0.5.1',
150 silly cache add   scope: null,
150 silly cache add   escapedName: 'mkdirp',
150 silly cache add   name: 'mkdirp',
150 silly cache add   rawSpec: '0.5.1',
150 silly cache add   spec: '0.5.1',
150 silly cache add   type: 'version' }
151 silly addNamed mkdirp@0.5.1
152 verbose addNamed "0.5.1" is a plain semver version for mkdirp
153 silly mapToRegistry name mkdirp
154 silly mapToRegistry using default registry
155 silly mapToRegistry registry https://registry.npmjs.org/
156 silly mapToRegistry data Result {
156 silly mapToRegistry   raw: 'mkdirp',
156 silly mapToRegistry   scope: null,
156 silly mapToRegistry   escapedName: 'mkdirp',
156 silly mapToRegistry   name: 'mkdirp',
156 silly mapToRegistry   rawSpec: '',
156 silly mapToRegistry   spec: 'latest',
156 silly mapToRegistry   type: 'tag' }
157 silly mapToRegistry uri https://registry.npmjs.org/mkdirp
158 verbose addNameVersion registry:https://registry.npmjs.org/mkdirp not in flight; fetching
159 verbose get https://registry.npmjs.org/mkdirp not expired, no request
160 silly mapToRegistry name mkdirp
161 silly mapToRegistry using default registry
162 silly mapToRegistry registry https://registry.npmjs.org/
163 silly mapToRegistry data Result {
163 silly mapToRegistry   raw: 'mkdirp',
163 silly mapToRegistry   scope: null,
163 silly mapToRegistry   escapedName: 'mkdirp',
163 silly mapToRegistry   name: 'mkdirp',
163 silly mapToRegistry   rawSpec: '',
163 silly mapToRegistry   spec: 'latest',
163 silly mapToRegistry   type: 'tag' }
164 silly mapToRegistry uri https://registry.npmjs.org/mkdirp
165 verbose addRemoteTarball https://registry.npmjs.org/mkdirp/-/mkdirp-0.5.1.tgz not in flight; adding
166 verbose addRemoteTarball [ 'https://registry.npmjs.org/mkdirp/-/mkdirp-0.5.1.tgz',
166 verbose addRemoteTarball   '30057438eac6cf7f8c4767f38648d6697d75c903' ]
167 http 200 https://registry.npmjs.org/ejs
168 verbose headers { server: 'nginx/1.10.1',
168 verbose headers   'content-type': 'application/json',
168 verbose headers   'last-modified': 'Thu, 16 Nov 2017 10:30:38 GMT',
168 verbose headers   etag: 'W/"5a0d68ce-11437"',
168 verbose headers   'content-encoding': 'gzip',
168 verbose headers   'cache-control': 'max-age=300',
168 verbose headers   'content-length': '11373',
168 verbose headers   'accept-ranges': 'bytes',
168 verbose headers   date: 'Sun, 19 Nov 2017 02:33:08 GMT',
168 verbose headers   via: '1.1 varnish',
168 verbose headers   age: '131',
168 verbose headers   connection: 'keep-alive',
168 verbose headers   'x-served-by': 'cache-lax8635-LAX',
168 verbose headers   'x-cache': 'HIT',
168 verbose headers   'x-cache-hits': '1',
168 verbose headers   'x-timer': 'S1511058789.761923,VS0,VE1',
168 verbose headers   vary: 'Accept-Encoding, Accept' }
169 silly get cb [ 200,
169 silly get   { server: 'nginx/1.10.1',
169 silly get     'content-type': 'application/json',
169 silly get     'last-modified': 'Thu, 16 Nov 2017 10:30:38 GMT',
169 silly get     etag: 'W/"5a0d68ce-11437"',
169 silly get     'content-encoding': 'gzip',
169 silly get     'cache-control': 'max-age=300',
169 silly get     'content-length': '11373',
169 silly get     'accept-ranges': 'bytes',
169 silly get     date: 'Sun, 19 Nov 2017 02:33:08 GMT',
169 silly get     via: '1.1 varnish',
169 silly get     age: '131',
169 silly get     connection: 'keep-alive',
169 silly get     'x-served-by': 'cache-lax8635-LAX',
169 silly get     'x-cache': 'HIT',
169 silly get     'x-cache-hits': '1',
169 silly get     'x-timer': 'S1511058789.761923,VS0,VE1',
169 silly get     vary: 'Accept-Encoding, Accept' } ]
170 verbose get saving ejs to /home/postgres/.npm/registry.npmjs.org/ejs/.cache.json
171 verbose correctMkdir /home/postgres/.npm correctMkdir not in flight; initializing
172 info retry fetch attempt 1 at 8:33:08 PM
173 info attempt registry request try #1 at 8:33:08 PM
174 http fetch GET https://registry.npmjs.org/mkdirp/-/mkdirp-0.5.1.tgz
175 silly resolveWithNewModule ejs@2.5.7 checking installable status
176 silly cache add args [ 'ejs@2.5.7', null ]
177 verbose cache add spec ejs@2.5.7
178 silly cache add parsed spec Result {
178 silly cache add   raw: 'ejs@2.5.7',
178 silly cache add   scope: null,
178 silly cache add   escapedName: 'ejs',
178 silly cache add   name: 'ejs',
178 silly cache add   rawSpec: '2.5.7',
178 silly cache add   spec: '2.5.7',
178 silly cache add   type: 'version' }
179 silly addNamed ejs@2.5.7
180 verbose addNamed "2.5.7" is a plain semver version for ejs
181 silly mapToRegistry name ejs
182 silly mapToRegistry using default registry
183 silly mapToRegistry registry https://registry.npmjs.org/
184 silly mapToRegistry data Result {
184 silly mapToRegistry   raw: 'ejs',
184 silly mapToRegistry   scope: null,
184 silly mapToRegistry   escapedName: 'ejs',
184 silly mapToRegistry   name: 'ejs',
184 silly mapToRegistry   rawSpec: '',
184 silly mapToRegistry   spec: 'latest',
184 silly mapToRegistry   type: 'tag' }
185 silly mapToRegistry uri https://registry.npmjs.org/ejs
186 verbose addNameVersion registry:https://registry.npmjs.org/ejs not in flight; fetching
187 verbose get https://registry.npmjs.org/ejs not expired, no request
188 silly mapToRegistry name ejs
189 silly mapToRegistry using default registry
190 silly mapToRegistry registry https://registry.npmjs.org/
191 silly mapToRegistry data Result {
191 silly mapToRegistry   raw: 'ejs',
191 silly mapToRegistry   scope: null,
191 silly mapToRegistry   escapedName: 'ejs',
191 silly mapToRegistry   name: 'ejs',
191 silly mapToRegistry   rawSpec: '',
191 silly mapToRegistry   spec: 'latest',
191 silly mapToRegistry   type: 'tag' }
192 silly mapToRegistry uri https://registry.npmjs.org/ejs
193 verbose addRemoteTarball https://registry.npmjs.org/ejs/-/ejs-2.5.7.tgz not in flight; adding
194 verbose addRemoteTarball [ 'https://registry.npmjs.org/ejs/-/ejs-2.5.7.tgz',
194 verbose addRemoteTarball   'cc872c168880ae3c7189762fd5ffc00896c9518a' ]
195 info retry fetch attempt 1 at 8:33:08 PM
196 info attempt registry request try #1 at 8:33:08 PM
197 http fetch GET https://registry.npmjs.org/ejs/-/ejs-2.5.7.tgz
198 http fetch 200 https://registry.npmjs.org/mkdirp/-/mkdirp-0.5.1.tgz
199 http fetch 200 https://registry.npmjs.org/ejs/-/ejs-2.5.7.tgz
200 silly fetchAndShaCheck shasum 30057438eac6cf7f8c4767f38648d6697d75c903
201 verbose addTmpTarball /tmp/npm-26154-83392001/registry.npmjs.org/mkdirp/-/mkdirp-0.5.1.tgz not in flight; adding
202 verbose addTmpTarball already have metadata; skipping unpack for mkdirp@0.5.1
203 verbose correctMkdir /home/postgres/.npm correctMkdir not in flight; initializing
204 silly cache afterAdd mkdirp@0.5.1
205 verbose afterAdd /home/postgres/.npm/mkdirp/0.5.1/package/package.json not in flight; writing
206 verbose correctMkdir /home/postgres/.npm correctMkdir not in flight; initializing
207 verbose afterAdd /home/postgres/.npm/mkdirp/0.5.1/package/package.json written
208 http 200 https://registry.npmjs.org/sorted-object
209 verbose headers { server: 'nginx/1.10.3',
209 verbose headers   'content-type': 'application/json',
209 verbose headers   'last-modified': 'Sat, 10 Sep 2016 23:39:29 GMT',
209 verbose headers   etag: 'W/"57d499b1-1545"',
209 verbose headers   'content-encoding': 'gzip',
209 verbose headers   'cache-control': 'max-age=300',
209 verbose headers   'content-length': '1619',
209 verbose headers   'accept-ranges': 'bytes',
209 verbose headers   date: 'Sun, 19 Nov 2017 02:33:08 GMT',
209 verbose headers   via: '1.1 varnish',
209 verbose headers   age: '0',
209 verbose headers   connection: 'keep-alive',
209 verbose headers   'x-served-by': 'cache-lax8641-LAX',
209 verbose headers   'x-cache': 'HIT',
209 verbose headers   'x-cache-hits': '1',
209 verbose headers   'x-timer': 'S1511058789.761831,VS0,VE158',
209 verbose headers   vary: 'Accept-Encoding, Accept' }
210 silly get cb [ 200,
210 silly get   { server: 'nginx/1.10.3',
210 silly get     'content-type': 'application/json',
210 silly get     'last-modified': 'Sat, 10 Sep 2016 23:39:29 GMT',
210 silly get     etag: 'W/"57d499b1-1545"',
210 silly get     'content-encoding': 'gzip',
210 silly get     'cache-control': 'max-age=300',
210 silly get     'content-length': '1619',
210 silly get     'accept-ranges': 'bytes',
210 silly get     date: 'Sun, 19 Nov 2017 02:33:08 GMT',
210 silly get     via: '1.1 varnish',
210 silly get     age: '0',
210 silly get     connection: 'keep-alive',
210 silly get     'x-served-by': 'cache-lax8641-LAX',
210 silly get     'x-cache': 'HIT',
210 silly get     'x-cache-hits': '1',
210 silly get     'x-timer': 'S1511058789.761831,VS0,VE158',
210 silly get     vary: 'Accept-Encoding, Accept' } ]
211 verbose get saving sorted-object to /home/postgres/.npm/registry.npmjs.org/sorted-object/.cache.json
212 verbose correctMkdir /home/postgres/.npm correctMkdir not in flight; initializing
213 silly fetchAndShaCheck shasum cc872c168880ae3c7189762fd5ffc00896c9518a
214 verbose addTmpTarball /tmp/npm-26154-83392001/registry.npmjs.org/ejs/-/ejs-2.5.7.tgz not in flight; adding
215 verbose addTmpTarball already have metadata; skipping unpack for ejs@2.5.7
216 verbose correctMkdir /home/postgres/.npm correctMkdir not in flight; initializing
217 silly resolveWithNewModule sorted-object@2.0.1 checking installable status
218 silly cache add args [ 'sorted-object@2.0.1', null ]
219 verbose cache add spec sorted-object@2.0.1
220 silly cache add parsed spec Result {
220 silly cache add   raw: 'sorted-object@2.0.1',
220 silly cache add   scope: null,
220 silly cache add   escapedName: 'sorted-object',
220 silly cache add   name: 'sorted-object',
220 silly cache add   rawSpec: '2.0.1',
220 silly cache add   spec: '2.0.1',
220 silly cache add   type: 'version' }
221 silly addNamed sorted-object@2.0.1
222 verbose addNamed "2.0.1" is a plain semver version for sorted-object
223 silly mapToRegistry name sorted-object
224 silly mapToRegistry using default registry
225 silly mapToRegistry registry https://registry.npmjs.org/
226 silly mapToRegistry data Result {
226 silly mapToRegistry   raw: 'sorted-object',
226 silly mapToRegistry   scope: null,
226 silly mapToRegistry   escapedName: 'sorted-object',
226 silly mapToRegistry   name: 'sorted-object',
226 silly mapToRegistry   rawSpec: '',
226 silly mapToRegistry   spec: 'latest',
226 silly mapToRegistry   type: 'tag' }
227 silly mapToRegistry uri https://registry.npmjs.org/sorted-object
228 verbose addNameVersion registry:https://registry.npmjs.org/sorted-object not in flight; fetching
229 verbose get https://registry.npmjs.org/sorted-object not expired, no request
230 silly mapToRegistry name sorted-object
231 silly mapToRegistry using default registry
232 silly mapToRegistry registry https://registry.npmjs.org/
233 silly mapToRegistry data Result {
233 silly mapToRegistry   raw: 'sorted-object',
233 silly mapToRegistry   scope: null,
233 silly mapToRegistry   escapedName: 'sorted-object',
233 silly mapToRegistry   name: 'sorted-object',
233 silly mapToRegistry   rawSpec: '',
233 silly mapToRegistry   spec: 'latest',
233 silly mapToRegistry   type: 'tag' }
234 silly mapToRegistry uri https://registry.npmjs.org/sorted-object
235 verbose addRemoteTarball https://registry.npmjs.org/sorted-object/-/sorted-object-2.0.1.tgz not in flight; adding
236 verbose addRemoteTarball [ 'https://registry.npmjs.org/sorted-object/-/sorted-object-2.0.1.tgz',
236 verbose addRemoteTarball   '7d631f4bd3a798a24af1dffcfbfe83337a5df5fc' ]
237 info retry fetch attempt 1 at 8:33:08 PM
238 info attempt registry request try #1 at 8:33:08 PM
239 http fetch GET https://registry.npmjs.org/sorted-object/-/sorted-object-2.0.1.tgz
240 http fetch 200 https://registry.npmjs.org/commander/-/commander-2.11.0.tgz
241 silly cache afterAdd ejs@2.5.7
242 verbose afterAdd /home/postgres/.npm/ejs/2.5.7/package/package.json not in flight; writing
243 verbose correctMkdir /home/postgres/.npm correctMkdir not in flight; initializing
244 verbose afterAdd /home/postgres/.npm/ejs/2.5.7/package/package.json written
245 silly fetchAndShaCheck shasum 157152fd1e7a6c8d98a5b715cf376df928004563
246 verbose addTmpTarball /tmp/npm-26154-83392001/registry.npmjs.org/commander/-/commander-2.11.0.tgz not in flight; adding
247 verbose addTmpTarball already have metadata; skipping unpack for commander@2.11.0
248 verbose correctMkdir /home/postgres/.npm correctMkdir not in flight; initializing
249 silly cache afterAdd commander@2.11.0
250 verbose afterAdd /home/postgres/.npm/commander/2.11.0/package/package.json not in flight; writing
251 verbose correctMkdir /home/postgres/.npm correctMkdir not in flight; initializing
252 verbose afterAdd /home/postgres/.npm/commander/2.11.0/package/package.json written
253 http fetch 200 https://registry.npmjs.org/sorted-object/-/sorted-object-2.0.1.tgz
254 silly fetchAndShaCheck shasum 7d631f4bd3a798a24af1dffcfbfe83337a5df5fc
255 verbose addTmpTarball /tmp/npm-26154-83392001/registry.npmjs.org/sorted-object/-/sorted-object-2.0.1.tgz not in flight; adding
256 verbose addTmpTarball already have metadata; skipping unpack for sorted-object@2.0.1
257 verbose correctMkdir /home/postgres/.npm correctMkdir not in flight; initializing
258 silly cache afterAdd sorted-object@2.0.1
259 verbose afterAdd /home/postgres/.npm/sorted-object/2.0.1/package/package.json not in flight; writing
260 verbose correctMkdir /home/postgres/.npm correctMkdir not in flight; initializing
261 verbose afterAdd /home/postgres/.npm/sorted-object/2.0.1/package/package.json written
262 silly fetchNamedPackageData minimist
263 silly mapToRegistry name minimist
264 silly mapToRegistry using default registry
265 silly mapToRegistry registry https://registry.npmjs.org/
266 silly mapToRegistry data Result {
266 silly mapToRegistry   raw: 'minimist',
266 silly mapToRegistry   scope: null,
266 silly mapToRegistry   escapedName: 'minimist',
266 silly mapToRegistry   name: 'minimist',
266 silly mapToRegistry   rawSpec: '',
266 silly mapToRegistry   spec: 'latest',
266 silly mapToRegistry   type: 'tag' }
267 silly mapToRegistry uri https://registry.npmjs.org/minimist
268 verbose request uri https://registry.npmjs.org/minimist
269 verbose request no auth needed
270 info attempt registry request try #1 at 8:33:09 PM
271 http request GET https://registry.npmjs.org/minimist
272 http 200 https://registry.npmjs.org/minimist
273 verbose headers { server: 'nginx/1.10.3',
273 verbose headers   'content-type': 'application/json',
273 verbose headers   'last-modified': 'Thu, 16 Nov 2017 14:55:44 GMT',
273 verbose headers   etag: 'W/"5a0da6f0-780f"',
273 verbose headers   'content-encoding': 'gzip',
273 verbose headers   'cache-control': 'max-age=300',
273 verbose headers   'content-length': '6047',
273 verbose headers   'accept-ranges': 'bytes',
273 verbose headers   date: 'Sun, 19 Nov 2017 02:33:09 GMT',
273 verbose headers   via: '1.1 varnish',
273 verbose headers   age: '25',
273 verbose headers   connection: 'keep-alive',
273 verbose headers   'x-served-by': 'cache-lax8641-LAX',
273 verbose headers   'x-cache': 'HIT',
273 verbose headers   'x-cache-hits': '1',
273 verbose headers   'x-timer': 'S1511058789.194917,VS0,VE0',
273 verbose headers   vary: 'Accept-Encoding, Accept' }
274 silly get cb [ 200,
274 silly get   { server: 'nginx/1.10.3',
274 silly get     'content-type': 'application/json',
274 silly get     'last-modified': 'Thu, 16 Nov 2017 14:55:44 GMT',
274 silly get     etag: 'W/"5a0da6f0-780f"',
274 silly get     'content-encoding': 'gzip',
274 silly get     'cache-control': 'max-age=300',
274 silly get     'content-length': '6047',
274 silly get     'accept-ranges': 'bytes',
274 silly get     date: 'Sun, 19 Nov 2017 02:33:09 GMT',
274 silly get     via: '1.1 varnish',
274 silly get     age: '25',
274 silly get     connection: 'keep-alive',
274 silly get     'x-served-by': 'cache-lax8641-LAX',
274 silly get     'x-cache': 'HIT',
274 silly get     'x-cache-hits': '1',
274 silly get     'x-timer': 'S1511058789.194917,VS0,VE0',
274 silly get     vary: 'Accept-Encoding, Accept' } ]
275 verbose get saving minimist to /home/postgres/.npm/registry.npmjs.org/minimist/.cache.json
276 verbose correctMkdir /home/postgres/.npm correctMkdir not in flight; initializing
277 silly resolveWithNewModule minimist@0.0.8 checking installable status
278 silly cache add args [ 'minimist@0.0.8', null ]
279 verbose cache add spec minimist@0.0.8
280 silly cache add parsed spec Result {
280 silly cache add   raw: 'minimist@0.0.8',
280 silly cache add   scope: null,
280 silly cache add   escapedName: 'minimist',
280 silly cache add   name: 'minimist',
280 silly cache add   rawSpec: '0.0.8',
280 silly cache add   spec: '0.0.8',
280 silly cache add   type: 'version' }
281 silly addNamed minimist@0.0.8
282 verbose addNamed "0.0.8" is a plain semver version for minimist
283 silly mapToRegistry name minimist
284 silly mapToRegistry using default registry
285 silly mapToRegistry registry https://registry.npmjs.org/
286 silly mapToRegistry data Result {
286 silly mapToRegistry   raw: 'minimist',
286 silly mapToRegistry   scope: null,
286 silly mapToRegistry   escapedName: 'minimist',
286 silly mapToRegistry   name: 'minimist',
286 silly mapToRegistry   rawSpec: '',
286 silly mapToRegistry   spec: 'latest',
286 silly mapToRegistry   type: 'tag' }
287 silly mapToRegistry uri https://registry.npmjs.org/minimist
288 verbose addNameVersion registry:https://registry.npmjs.org/minimist not in flight; fetching
289 verbose get https://registry.npmjs.org/minimist not expired, no request
290 silly mapToRegistry name minimist
291 silly mapToRegistry using default registry
292 silly mapToRegistry registry https://registry.npmjs.org/
293 silly mapToRegistry data Result {
293 silly mapToRegistry   raw: 'minimist',
293 silly mapToRegistry   scope: null,
293 silly mapToRegistry   escapedName: 'minimist',
293 silly mapToRegistry   name: 'minimist',
293 silly mapToRegistry   rawSpec: '',
293 silly mapToRegistry   spec: 'latest',
293 silly mapToRegistry   type: 'tag' }
294 silly mapToRegistry uri https://registry.npmjs.org/minimist
295 verbose addRemoteTarball https://registry.npmjs.org/minimist/-/minimist-0.0.8.tgz not in flight; adding
296 verbose addRemoteTarball [ 'https://registry.npmjs.org/minimist/-/minimist-0.0.8.tgz',
296 verbose addRemoteTarball   '857fcabfc3397d2625b8228262e86aa7a011b05d' ]
297 info retry fetch attempt 1 at 8:33:09 PM
298 info attempt registry request try #1 at 8:33:09 PM
299 http fetch GET https://registry.npmjs.org/minimist/-/minimist-0.0.8.tgz
300 http fetch 200 https://registry.npmjs.org/minimist/-/minimist-0.0.8.tgz
301 silly fetchAndShaCheck shasum 857fcabfc3397d2625b8228262e86aa7a011b05d
302 verbose addTmpTarball /tmp/npm-26154-83392001/registry.npmjs.org/minimist/-/minimist-0.0.8.tgz not in flight; adding
303 verbose addTmpTarball already have metadata; skipping unpack for minimist@0.0.8
304 verbose correctMkdir /home/postgres/.npm correctMkdir not in flight; initializing
305 silly cache afterAdd minimist@0.0.8
306 verbose afterAdd /home/postgres/.npm/minimist/0.0.8/package/package.json not in flight; writing
307 verbose correctMkdir /home/postgres/.npm correctMkdir not in flight; initializing
308 verbose afterAdd /home/postgres/.npm/minimist/0.0.8/package/package.json written
309 silly loadAllDepsIntoIdealTree Finishing
310 silly loadIdealTree Finishing
311 silly currentTree lib
312 silly idealTree lib
312 silly idealTree └─┬ express-generator@4.15.5
312 silly idealTree   ├── commander@2.11.0
312 silly idealTree   ├── ejs@2.5.7
312 silly idealTree   ├── minimist@0.0.8
312 silly idealTree   ├── mkdirp@0.5.1
312 silly idealTree   └── sorted-object@2.0.1
313 silly generateActionsToTake Starting
314 silly install generateActionsToTake
315 warn checkPermissions Missing write access to /usr/lib/node_modules
316 silly rollbackFailedOptional Starting
317 silly rollbackFailedOptional Finishing
318 silly runTopLevelLifecycles Finishing
319 silly install printInstalled
320 verbose stack Error: EACCES: permission denied, access '/usr/lib/node_modules'
320 verbose stack     at Error (native)
321 verbose cwd /home/postgres/projects/API-cano
322 error Linux 4.10.0-38-generic
323 error argv "/usr/bin/node" "/usr/bin/npm" "install" "express-generator" "-g"
324 error node v6.11.5
325 error npm  v3.10.10
326 error path /usr/lib/node_modules
327 error code EACCES
328 error errno -13
329 error syscall access
330 error Error: EACCES: permission denied, access '/usr/lib/node_modules'
330 error     at Error (native)
330 error  { Error: EACCES: permission denied, access '/usr/lib/node_modules'
330 error     at Error (native)
330 error   errno: -13,
330 error   code: 'EACCES',
330 error   syscall: 'access',
330 error   path: '/usr/lib/node_modules' }
331 error Please try running this command again as root/Administrator.
332 verbose exit [ -13, true ]
